2025-08-18 20:09:35,102 - finance_api - INFO - Finance API started with config: development
2025-08-18 20:09:35,102 - finance_api - INFO - Starting Finance API server...
2025-08-18 20:09:40,723 - finance_api - INFO - Finance API started with config: development
2025-08-18 20:09:40,723 - finance_api - INFO - Starting Finance API server...
2025-08-18 20:09:50,449 - finance_api - INFO - Fetching Nifty50 symbols
2025-08-18 20:09:50,450 - finance_api - INFO - Fetching data from: https://www.nseindia.com/api/equity-stockIndices?index=NIFTY%2050
2025-08-18 20:09:51,853 - finance_api - INFO - Successfully fetched data from equity-stockIndices?index=NIFTY%2050
2025-08-18 20:09:58,029 - finance_api - INFO - Fetching all indices
2025-08-18 20:09:58,030 - finance_api - INFO - Fetching data from: https://www.nseindia.com/api/allIndices
2025-08-18 20:09:59,514 - finance_api - INFO - Successfully fetched data from allIndices
2025-08-18 20:09:59,514 - finance_api - INFO - Processing 123 indices...
2025-08-18 20:10:03,205 - finance_api - INFO - Fetching 52-week high stocks
2025-08-18 20:10:03,206 - finance_api - INFO - Fetching data from: https://www.nseindia.com/api/live-analysis-data-52weekhighstock
2025-08-18 20:10:06,932 - finance_api - INFO - Successfully fetched data from live-analysis-data-52weekhighstock
2025-08-18 20:10:06,932 - finance_api - INFO - Processing 86 52-week high stocks...
2025-08-18 20:10:09,907 - finance_api - INFO - Fetching 52-week low stocks
2025-08-18 20:10:09,908 - finance_api - INFO - Fetching data from: https://www.nseindia.com/api/live-analysis-data-52weeklowstock
2025-08-18 20:10:11,482 - finance_api - INFO - Successfully fetched data from live-analysis-data-52weeklowstock
2025-08-18 20:10:11,482 - finance_api - INFO - Processing 71 52-week low stocks...
2025-08-18 20:10:18,416 - finance_api - INFO - Finance API started with config: development
2025-08-18 20:10:18,416 - finance_api - INFO - Starting Finance API server...
2025-08-18 20:10:20,227 - finance_api - INFO - Finance API started with config: development
2025-08-18 20:10:20,227 - finance_api - INFO - Starting Finance API server...
2025-08-18 20:10:22,165 - finance_api - INFO - Finance API started with config: development
2025-08-18 20:10:22,165 - finance_api - INFO - Starting Finance API server...
2025-08-18 20:10:27,051 - finance_api - INFO - Finance API started with config: development
2025-08-18 20:10:27,051 - finance_api - INFO - Starting Finance API server...
